=== MK-Recorder Log Started 2026-03-29 13:04:58 ===
[13:04:58.204] MK-Recorder started
[13:05:03.067] RECORDING countdown started (3s)...
[13:05:06.074] RECORDING STARTED - capturing mouse & keyboard
[13:05:06.076] Target window saved: 'Poke Nexus and 2 more pages - Personal - Microsoft​ Edge' (hwnd=788204)
[13:05:16.378] RECORDING STOPPED - 2 events captured
[13:05:22.843] REGION SET: x=750, y=409, w=364, h=287
[13:05:24.722] ==================================================
[13:05:24.723] AUTO-FARM STARTED
[13:05:24.724]   Idle threshold: < 0.5%
[13:05:24.724]   Idle time needed: 3.0s
[13:05:24.724]   Macro events: 2
[13:05:24.724]   Region: {'left': 750, 'top': 409, 'width': 364, 'height': 287}
[13:05:24.725] ==================================================
[13:05:24.725] Farm loop thread started OK
[13:05:25.255] CHECK #2: change=0.0% -> IDLE START (< 0.5%)
[13:05:25.775] CHECK #3: change=0.0% -> STILL IDLE (0.5s / 3.0s needed)
[13:05:27.325] CHECK #6: change=0.0% -> STILL IDLE (2.1s / 3.0s needed)
[13:05:28.360] ==================================================
[13:05:28.361] >>> TRIGGERED! Idle for 3.1s >= 3.0s
[13:05:28.367] >>> RUNNING MACRO (cycle #1) - 2 events
[13:05:28.371] ==================================================
[13:05:28.372] Focusing game window: 'Poke Nexus and 2 more pages - Personal - Microsoft​ Edge'
[13:05:29.174] <<< MACRO FINISHED (took 0.8s)
[13:05:29.176] Waiting 1s before watching again...
[13:05:30.180] Resumed watching for idle...
[13:05:31.206] CHECK #10: change=1.19% -> ACTIVE (>= 0.5%)
[13:05:32.748] CHECK #13: change=0.0% -> IDLE START (< 0.5%)
[13:05:33.262] CHECK #14: change=1.06% -> ACTIVE AGAIN (was idle for 0.5s, reset timer)
[13:05:33.775] CHECK #15: change=1.06% -> ACTIVE (>= 0.5%)
[13:05:34.297] CHECK #16: change=0.0% -> IDLE START (< 0.5%)
[13:05:34.810] CHECK #17: change=1.19% -> ACTIVE AGAIN (was idle for 0.5s, reset timer)
[13:05:36.360] CHECK #20: change=1.32% -> ACTIVE (>= 0.5%)
[13:05:38.937] CHECK #25: change=1.06% -> ACTIVE (>= 0.5%)
[13:05:39.969] CHECK #27: change=0.0% -> IDLE START (< 0.5%)
[13:05:39.970] CHECK #27: change=0.0% -> STILL IDLE (0.0s / 3.0s needed)
[13:05:40.491] CHECK #28: change=1.19% -> ACTIVE AGAIN (was idle for 0.5s, reset timer)
[13:05:41.527] CHECK #30: change=0.0% -> IDLE START (< 0.5%)
[13:05:41.528] CHECK #30: change=0.0% -> STILL IDLE (0.0s / 3.0s needed)
[13:05:42.048] CHECK #31: change=1.19% -> ACTIVE AGAIN (was idle for 0.5s, reset timer)
[13:05:44.110] CHECK #35: change=1.19% -> ACTIVE (>= 0.5%)
[13:05:46.685] CHECK #40: change=1.06% -> ACTIVE (>= 0.5%)
[13:05:47.208] CHECK #41: change=0.0% -> IDLE START (< 0.5%)
[13:05:47.727] CHECK #42: change=1.19% -> ACTIVE AGAIN (was idle for 0.5s, reset timer)
[13:05:48.762] CHECK #44: change=0.0% -> IDLE START (< 0.5%)
[13:05:49.283] CHECK #45: change=0.0% -> STILL IDLE (0.5s / 3.0s needed)
[13:05:50.826] CHECK #48: change=0.0% -> STILL IDLE (2.1s / 3.0s needed)
[13:05:51.859] ==================================================
[13:05:51.865] >>> TRIGGERED! Idle for 3.1s >= 3.0s
[13:05:51.874] >>> RUNNING MACRO (cycle #2) - 2 events
[13:05:51.879] ==================================================
[13:05:51.886] Focusing game window: 'Poke Nexus and 2 more pages - Personal - Microsoft​ Edge'
[13:05:52.690] <<< MACRO FINISHED (took 0.8s)
[13:05:52.691] Waiting 1s before watching again...
[13:05:53.697] Resumed watching for idle...
[13:05:54.727] CHECK #52: change=0.0% -> IDLE START (< 0.5%)
[13:05:55.755] CHECK #54: change=0.0% -> STILL IDLE (1.0s / 3.0s needed)
[13:05:57.303] CHECK #57: change=0.0% -> STILL IDLE (2.6s / 3.0s needed)
[13:05:57.818] ==================================================
[13:05:57.820] >>> TRIGGERED! Idle for 3.1s >= 3.0s
[13:05:57.822] >>> RUNNING MACRO (cycle #3) - 2 events
[13:05:57.824] ==================================================
[13:05:57.826] Focusing game window: 'Poke Nexus and 2 more pages - Personal - Microsoft​ Edge'
[13:05:58.629] <<< MACRO FINISHED (took 0.8s)
[13:05:58.630] Waiting 1s before watching again...
[13:05:59.632] Resumed watching for idle...
[13:06:00.663] CHECK #60: change=1.19% -> ACTIVE (>= 0.5%)
[13:06:02.205] CHECK #63: change=0.0% -> IDLE START (< 0.5%)
[13:06:02.207] CHECK #63: change=0.0% -> STILL IDLE (0.0s / 3.0s needed)
[13:06:02.726] CHECK #64: change=1.06% -> ACTIVE AGAIN (was idle for 0.5s, reset timer)
[13:06:03.240] CHECK #65: change=1.06% -> ACTIVE (>= 0.5%)
[13:06:03.755] CHECK #66: change=0.0% -> IDLE START (< 0.5%)
[13:06:03.755] CHECK #66: change=0.0% -> STILL IDLE (0.0s / 3.0s needed)
[13:06:04.282] CHECK #67: change=1.19% -> ACTIVE AGAIN (was idle for 0.5s, reset timer)
[13:06:05.823] CHECK #70: change=1.32% -> ACTIVE (>= 0.5%)
[13:06:08.393] CHECK #75: change=1.06% -> ACTIVE (>= 0.5%)
[13:06:09.428] CHECK #77: change=0.0% -> IDLE START (< 0.5%)
[13:06:09.950] CHECK #78: change=1.19% -> ACTIVE AGAIN (was idle for 0.5s, reset timer)
[13:06:10.990] CHECK #80: change=0.0% -> IDLE START (< 0.5%)
[13:06:11.512] CHECK #81: change=1.19% -> ACTIVE AGAIN (was idle for 0.5s, reset timer)
[13:06:13.575] CHECK #85: change=1.19% -> ACTIVE (>= 0.5%)
[13:06:16.149] CHECK #90: change=1.06% -> ACTIVE (>= 0.5%)
[13:06:16.666] CHECK #91: change=0.0% -> IDLE START (< 0.5%)
[13:06:17.184] CHECK #92: change=1.19% -> ACTIVE AGAIN (was idle for 0.5s, reset timer)
[13:06:18.735] CHECK #95: change=1.32% -> ACTIVE (>= 0.5%)
[13:06:21.311] CHECK #100: change=1.06% -> ACTIVE (>= 0.5%)
[13:06:22.859] CHECK #103: change=0.0% -> IDLE START (< 0.5%)
[13:06:23.894] CHECK #105: change=0.0% -> STILL IDLE (1.0s / 3.0s needed)
[13:06:25.442] CHECK #108: change=0.0% -> STILL IDLE (2.6s / 3.0s needed)
[13:06:25.963] ==================================================
[13:06:25.965] >>> TRIGGERED! Idle for 3.1s >= 3.0s
[13:06:25.969] >>> RUNNING MACRO (cycle #4) - 2 events
[13:06:25.970] ==================================================
[13:06:25.975] Focusing game window: 'Poke Nexus and 2 more pages - Personal - Microsoft​ Edge'
[13:06:26.778] <<< MACRO FINISHED (took 0.8s)
[13:06:26.779] Waiting 1s before watching again...
[13:06:27.783] Resumed watching for idle...
[13:06:28.297] CHECK #110: change=100% -> ACTIVE (>= 0.5%)
[13:06:28.817] CHECK #111: change=0.0% -> IDLE START (< 0.5%)
[13:06:28.819] CHECK #111: change=0.0% -> STILL IDLE (0.0s / 3.0s needed)
[13:06:30.366] CHECK #114: change=0.0% -> STILL IDLE (1.5s / 3.0s needed)
[13:06:31.914] CHECK #117: change=0.0% -> STILL IDLE (3.1s / 3.0s needed)
[13:06:31.916] ==================================================
[13:06:31.918] >>> TRIGGERED! Idle for 3.1s >= 3.0s
[13:06:31.921] >>> RUNNING MACRO (cycle #5) - 2 events
[13:06:31.923] ==================================================
[13:06:31.926] Focusing game window: 'Poke Nexus and 2 more pages - Personal - Microsoft​ Edge'
[13:06:32.729] <<< MACRO FINISHED (took 0.8s)
[13:06:32.730] Waiting 1s before watching again...
[13:06:33.733] Resumed watching for idle...
[13:06:35.278] CHECK #120: change=1.06% -> ACTIVE (>= 0.5%)
[13:06:36.309] CHECK #122: change=0.0% -> IDLE START (< 0.5%)
[13:06:36.824] CHECK #123: change=1.06% -> ACTIVE AGAIN (was idle for 0.5s, reset timer)
[13:06:37.852] CHECK #125: change=0.0% -> IDLE START (< 0.5%)
[13:06:38.375] CHECK #126: change=1.19% -> ACTIVE AGAIN (was idle for 0.5s, reset timer)
[13:06:40.435] CHECK #130: change=0.0% -> IDLE START (< 0.5%)
[13:06:41.463] CHECK #132: change=0.0% -> STILL IDLE (1.0s / 3.0s needed)
[13:06:43.005] CHECK #135: change=36.51% -> ACTIVE AGAIN (was idle for 2.6s, reset timer)
[13:06:43.005] CHECK #135: change=36.51% -> ACTIVE (>= 0.5%)
[13:06:44.040] CHECK #137: change=0.0% -> IDLE START (< 0.5%)
[13:06:44.560] CHECK #138: change=0.0% -> STILL IDLE (0.5s / 3.0s needed)
[13:06:46.109] CHECK #141: change=0.0% -> STILL IDLE (2.1s / 3.0s needed)
[13:06:47.144] ==================================================
[13:06:47.147] >>> TRIGGERED! Idle for 3.1s >= 3.0s
[13:06:47.149] >>> RUNNING MACRO (cycle #6) - 2 events
[13:06:47.151] ==================================================
[13:06:47.153] Focusing game window: 'Poke Nexus and 2 more pages - Personal - Microsoft​ Edge'
[13:06:47.955] <<< MACRO FINISHED (took 0.8s)
[13:06:47.955] Waiting 1s before watching again...
[13:06:48.959] Resumed watching for idle...
[13:06:49.984] CHECK #145: change=1.19% -> ACTIVE (>= 0.5%)
[13:06:51.533] CHECK #148: change=0.0% -> IDLE START (< 0.5%)
[13:06:52.046] CHECK #149: change=1.19% -> ACTIVE AGAIN (was idle for 0.5s, reset timer)
[13:06:52.567] CHECK #150: change=1.19% -> ACTIVE (>= 0.5%)
[13:06:53.081] CHECK #151: change=0.0% -> IDLE START (< 0.5%)
[13:06:53.603] CHECK #152: change=1.19% -> ACTIVE AGAIN (was idle for 0.5s, reset timer)
[13:06:55.144] CHECK #155: change=1.32% -> ACTIVE (>= 0.5%)
[13:06:57.720] CHECK #160: change=0.91% -> ACTIVE (>= 0.5%)
[13:06:58.240] CHECK #161: change=0.0% -> IDLE START (< 0.5%)
[13:06:58.755] CHECK #162: change=0.0% -> STILL IDLE (0.5s / 3.0s needed)
[13:07:00.302] CHECK #165: change=0.0% -> STILL IDLE (2.1s / 3.0s needed)
[13:07:01.332] ==================================================
[13:07:01.334] >>> TRIGGERED! Idle for 3.1s >= 3.0s
[13:07:01.337] >>> RUNNING MACRO (cycle #7) - 2 events
[13:07:01.338] ==================================================
[13:07:01.341] Focusing game window: 'Poke Nexus and 2 more pages - Personal - Microsoft​ Edge'
[13:07:02.142] <<< MACRO FINISHED (took 0.8s)
[13:07:02.143] Waiting 1s before watching again...
[13:07:03.146] Resumed watching for idle...
[13:07:04.179] CHECK #169: change=0.0% -> IDLE START (< 0.5%)
[13:07:05.213] CHECK #171: change=0.0% -> STILL IDLE (1.0s / 3.0s needed)
[13:07:06.762] CHECK #174: change=0.0% -> STILL IDLE (2.6s / 3.0s needed)
[13:07:07.285] ==================================================
[13:07:07.287] >>> TRIGGERED! Idle for 3.1s >= 3.0s
[13:07:07.289] >>> RUNNING MACRO (cycle #8) - 2 events
[13:07:07.290] ==================================================
[13:07:07.293] Focusing game window: 'Poke Nexus and 2 more pages - Personal - Microsoft​ Edge'
[13:07:08.095] <<< MACRO FINISHED (took 0.8s)
[13:07:08.095] Waiting 1s before watching again...
[13:07:09.099] Resumed watching for idle...
[13:07:11.672] CHECK #180: change=0.0% -> IDLE START (< 0.5%)
[13:07:11.673] CHECK #180: change=0.0% -> STILL IDLE (0.0s / 3.0s needed)
[13:07:12.199] CHECK #181: change=1.06% -> ACTIVE AGAIN (was idle for 0.5s, reset timer)
[13:07:13.234] CHECK #183: change=0.0% -> IDLE START (< 0.5%)
[13:07:13.235] CHECK #183: change=0.0% -> STILL IDLE (0.0s / 3.0s needed)
[13:07:13.755] CHECK #184: change=1.19% -> ACTIVE AGAIN (was idle for 0.5s, reset timer)
[13:07:14.275] CHECK #185: change=1.19% -> ACTIVE (>= 0.5%)
[13:07:16.851] CHECK #190: change=1.32% -> ACTIVE (>= 0.5%)
[13:07:18.907] CHECK #194: change=0.0% -> IDLE START (< 0.5%)
[13:07:19.427] CHECK #195: change=1.06% -> ACTIVE AGAIN (was idle for 0.5s, reset timer)
[13:07:19.428] CHECK #195: change=1.06% -> ACTIVE (>= 0.5%)
[13:07:20.463] CHECK #197: change=0.0% -> IDLE START (< 0.5%)
[13:07:20.977] CHECK #198: change=1.19% -> ACTIVE AGAIN (was idle for 0.5s, reset timer)
[13:07:22.005] CHECK #200: change=1.06% -> ACTIVE (>= 0.5%)
[13:07:23.032] CHECK #202: change=0.0% -> IDLE START (< 0.5%)
[13:07:24.067] CHECK #204: change=0.0% -> STILL IDLE (1.0s / 3.0s needed)
[13:07:25.609] CHECK #207: change=0.0% -> STILL IDLE (2.6s / 3.0s needed)
[13:07:26.123] ==================================================
[13:07:26.126] >>> TRIGGERED! Idle for 3.1s >= 3.0s
[13:07:26.128] >>> RUNNING MACRO (cycle #9) - 2 events
[13:07:26.128] ==================================================
[13:07:26.128] Focusing game window: 'Poke Nexus and 2 more pages - Personal - Microsoft​ Edge'
[13:07:26.932] <<< MACRO FINISHED (took 0.8s)
[13:07:26.934] Waiting 1s before watching again...
[13:07:27.936] Resumed watching for idle...
[13:07:28.964] CHECK #210: change=0.0% -> IDLE START (< 0.5%)
[13:07:28.964] CHECK #210: change=0.0% -> STILL IDLE (0.0s / 3.0s needed)
[13:07:30.511] CHECK #213: change=0.0% -> STILL IDLE (1.5s / 3.0s needed)
[13:07:32.054] CHECK #216: change=0.0% -> STILL IDLE (3.1s / 3.0s needed)
[13:07:32.057] ==================================================
[13:07:32.057] >>> TRIGGERED! Idle for 3.1s >= 3.0s
[13:07:32.061] >>> RUNNING MACRO (cycle #10) - 2 events
[13:07:32.064] ==================================================
[13:07:32.064] Focusing game window: 'Poke Nexus and 2 more pages - Personal - Microsoft​ Edge'
[13:07:32.868] <<< MACRO FINISHED (took 0.8s)
[13:07:32.869] Waiting 1s before watching again...
[13:07:33.871] Resumed watching for idle...
[13:07:35.928] CHECK #220: change=1.06% -> ACTIVE (>= 0.5%)
[13:07:36.441] CHECK #221: change=0.0% -> IDLE START (< 0.5%)
[13:07:36.956] CHECK #222: change=1.06% -> ACTIVE AGAIN (was idle for 0.5s, reset timer)
[13:07:38.504] CHECK #225: change=0.0% -> IDLE START (< 0.5%)
[13:07:38.505] CHECK #225: change=0.0% -> STILL IDLE (0.0s / 3.0s needed)
[13:07:40.053] CHECK #228: change=0.0% -> STILL IDLE (1.5s / 3.0s needed)
[13:07:41.595] CHECK #231: change=0.0% -> STILL IDLE (3.1s / 3.0s needed)
[13:07:41.598] ==================================================
[13:07:41.600] >>> TRIGGERED! Idle for 3.1s >= 3.0s
[13:07:41.601] >>> RUNNING MACRO (cycle #11) - 2 events
[13:07:41.605] ==================================================
[13:07:41.606] Focusing game window: 'Poke Nexus and 2 more pages - Personal - Microsoft​ Edge'
[13:07:42.408] <<< MACRO FINISHED (took 0.8s)
[13:07:42.409] Waiting 1s before watching again...
[13:07:43.412] Resumed watching for idle...
[13:07:44.442] CHECK #233: change=0.0% -> IDLE START (< 0.5%)
[13:07:44.956] CHECK #234: change=0.0% -> STILL IDLE (0.5s / 3.0s needed)
[13:07:46.504] CHECK #237: change=0.0% -> STILL IDLE (2.1s / 3.0s needed)
[13:07:47.539] ==================================================
[13:07:47.539] >>> TRIGGERED! Idle for 3.1s >= 3.0s
[13:07:47.543] >>> RUNNING MACRO (cycle #12) - 2 events
[13:07:47.545] ==================================================
[13:07:47.546] Focusing game window: 'Poke Nexus and 2 more pages - Personal - Microsoft​ Edge'
[13:07:48.348] <<< MACRO FINISHED (took 0.8s)
[13:07:48.348] Waiting 1s before watching again...
[13:07:49.352] Resumed watching for idle...
[13:07:49.865] CHECK #240: change=100% -> ACTIVE (>= 0.5%)
[13:07:51.921] CHECK #244: change=0.0% -> IDLE START (< 0.5%)
[13:07:52.434] CHECK #245: change=1.06% -> ACTIVE AGAIN (was idle for 0.5s, reset timer)
[13:07:52.435] CHECK #245: change=1.06% -> ACTIVE (>= 0.5%)
[13:07:53.463] CHECK #247: change=0.0% -> IDLE START (< 0.5%)
[13:07:53.973] CHECK #248: change=1.19% -> ACTIVE AGAIN (was idle for 0.5s, reset timer)
[13:07:55.005] CHECK #250: change=1.06% -> ACTIVE (>= 0.5%)
[13:07:56.032] CHECK #252: change=0.0% -> IDLE START (< 0.5%)
[13:07:56.032] CHECK #252: change=0.0% -> STILL IDLE (0.0s / 3.0s needed)
[13:07:57.581] CHECK #255: change=0.0% -> STILL IDLE (1.5s / 3.0s needed)
[13:07:59.123] CHECK #258: change=0.0% -> STILL IDLE (3.1s / 3.0s needed)
[13:07:59.126] ==================================================
[13:07:59.128] >>> TRIGGERED! Idle for 3.1s >= 3.0s
[13:07:59.129] >>> RUNNING MACRO (cycle #13) - 2 events
[13:07:59.131] ==================================================
[13:07:59.135] Focusing game window: 'Poke Nexus and 2 more pages - Personal - Microsoft​ Edge'
[13:07:59.937] <<< MACRO FINISHED (took 0.8s)
[13:07:59.939] Waiting 1s before watching again...
[13:08:00.941] Resumed watching for idle...
[13:08:01.967] CHECK #260: change=0.0% -> IDLE START (< 0.5%)
[13:08:02.490] CHECK #261: change=0.0% -> STILL IDLE (0.5s / 3.0s needed)
[13:08:03.214] AUTO-FARM STOPPED
[13:16:09.301] ==================================================
[13:16:09.302] AUTO-FARM STARTED
[13:16:09.302]   Idle threshold: < 0.5%
[13:16:09.302]   Idle time needed: 3.0s
[13:16:09.303]   Macro events: 2
[13:16:09.303]   Region: {'left': 750, 'top': 409, 'width': 364, 'height': 287}
[13:16:09.303] ==================================================
[13:16:09.304] Farm loop thread started OK
[13:16:09.837] CHECK #2: change=0.0% -> IDLE START (< 0.5%)
[13:16:10.358] CHECK #3: change=0.0% -> STILL IDLE (0.5s / 3.0s needed)
[13:16:11.906] CHECK #6: change=0.0% -> STILL IDLE (2.1s / 3.0s needed)
[13:16:12.934] ==================================================
[13:16:12.935] >>> TRIGGERED! Idle for 3.1s >= 3.0s
[13:16:12.938] >>> RUNNING MACRO (cycle #1) - 2 events
[13:16:12.939] ==================================================
[13:16:12.941] Focusing game window: 'Poke Nexus and 2 more pages - Personal - Microsoft​ Edge'
[13:16:13.742] <<< MACRO FINISHED (took 0.8s)
[13:16:13.744] Waiting 1s before watching again...
[13:16:14.747] Resumed watching for idle...
[13:16:15.774] CHECK #10: change=0.0% -> IDLE START (< 0.5%)
[13:16:16.802] CHECK #12: change=0.0% -> STILL IDLE (1.0s / 3.0s needed)
[13:16:18.344] CHECK #15: change=0.0% -> STILL IDLE (2.6s / 3.0s needed)
[13:16:18.858] ==================================================
[13:16:18.859] >>> TRIGGERED! Idle for 3.1s >= 3.0s
[13:16:18.862] >>> RUNNING MACRO (cycle #2) - 2 events
[13:16:18.865] ==================================================
[13:16:18.866] Focusing game window: 'Poke Nexus and 2 more pages - Personal - Microsoft​ Edge'
[13:16:19.669] <<< MACRO FINISHED (took 0.8s)
[13:16:19.670] Waiting 1s before watching again...
[13:16:20.673] Resumed watching for idle...
[13:16:21.697] CHECK #18: change=0.0% -> IDLE START (< 0.5%)
[13:16:21.699] CHECK #18: change=0.0% -> STILL IDLE (0.0s / 3.0s needed)
[13:16:23.237] CHECK #21: change=0.0% -> STILL IDLE (1.5s / 3.0s needed)
[13:16:24.783] CHECK #24: change=0.0% -> STILL IDLE (3.1s / 3.0s needed)
[13:16:24.787] ==================================================
[13:16:24.788] >>> TRIGGERED! Idle for 3.1s >= 3.0s
[13:16:24.792] >>> RUNNING MACRO (cycle #3) - 2 events
[13:16:24.793] ==================================================
[13:16:24.796] Focusing game window: 'Poke Nexus and 2 more pages - Personal - Microsoft​ Edge'
[13:16:25.601] <<< MACRO FINISHED (took 0.8s)
[13:16:25.602] Waiting 1s before watching again...
[13:16:26.607] Resumed watching for idle...
[13:16:27.122] CHECK #25: change=100% -> ACTIVE (>= 0.5%)
[13:16:27.641] CHECK #26: change=0.0% -> IDLE START (< 0.5%)
[13:16:28.158] CHECK #27: change=0.0% -> STILL IDLE (0.5s / 3.0s needed)
[13:16:29.699] CHECK #30: change=0.0% -> STILL IDLE (2.1s / 3.0s needed)
[13:16:30.733] ==================================================
[13:16:30.734] >>> TRIGGERED! Idle for 3.1s >= 3.0s
[13:16:30.736] >>> RUNNING MACRO (cycle #4) - 2 events
[13:16:30.741] ==================================================
[13:16:30.746] Focusing game window: 'Poke Nexus and 2 more pages - Personal - Microsoft​ Edge'
[13:16:31.549] <<< MACRO FINISHED (took 0.8s)
[13:16:31.550] Waiting 1s before watching again...
[13:16:32.554] Resumed watching for idle...
[13:16:33.580] CHECK #34: change=0.0% -> IDLE START (< 0.5%)
[13:16:34.608] CHECK #36: change=0.0% -> STILL IDLE (1.0s / 3.0s needed)
[13:16:36.150] CHECK #39: change=0.0% -> STILL IDLE (2.6s / 3.0s needed)
[13:16:36.663] ==================================================
[13:16:36.664] >>> TRIGGERED! Idle for 3.1s >= 3.0s
[13:16:36.668] >>> RUNNING MACRO (cycle #5) - 2 events
[13:16:36.669] ==================================================
[13:16:36.671] Focusing game window: 'Poke Nexus and 2 more pages - Personal - Microsoft​ Edge'
[13:16:37.475] <<< MACRO FINISHED (took 0.8s)
[13:16:37.476] Waiting 1s before watching again...
[13:16:38.478] Resumed watching for idle...
[13:16:39.510] CHECK #42: change=0.0% -> IDLE START (< 0.5%)
[13:16:39.510] CHECK #42: change=0.0% -> STILL IDLE (0.0s / 3.0s needed)
[13:16:40.025] CHECK #43: change=1.86% -> ACTIVE AGAIN (was idle for 0.5s, reset timer)
[13:16:41.052] CHECK #45: change=0.0% -> IDLE START (< 0.5%)
[13:16:41.052] CHECK #45: change=0.0% -> STILL IDLE (0.0s / 3.0s needed)
[13:16:42.601] CHECK #48: change=0.0% -> STILL IDLE (1.5s / 3.0s needed)
[13:16:44.143] CHECK #51: change=0.0% -> STILL IDLE (3.1s / 3.0s needed)
[13:16:44.147] ==================================================
[13:16:44.148] >>> TRIGGERED! Idle for 3.1s >= 3.0s
[13:16:44.149] >>> RUNNING MACRO (cycle #6) - 2 events
[13:16:44.150] ==================================================
[13:16:44.152] Focusing game window: 'Poke Nexus and 2 more pages - Personal - Microsoft​ Edge'
[13:16:44.951] <<< MACRO FINISHED (took 0.8s)
[13:16:44.953] Waiting 1s before watching again...
[13:16:45.958] Resumed watching for idle...
[13:16:46.980] CHECK #53: change=0.0% -> IDLE START (< 0.5%)
[13:16:47.497] CHECK #54: change=0.0% -> STILL IDLE (0.5s / 3.0s needed)
[13:16:49.038] CHECK #57: change=0.0% -> STILL IDLE (2.1s / 3.0s needed)
[13:16:49.144] AUTO-FARM STOPPED
[13:32:05.499] ==================================================
[13:32:05.499] AUTO-FARM STARTED
[13:32:05.500]   Idle threshold: < 0.5%
[13:32:05.500]   Idle time needed: 3.0s
[13:32:05.500]   Macro events: 2
[13:32:05.500]   Region: {'left': 750, 'top': 409, 'width': 364, 'height': 287}
[13:32:05.501] ==================================================
[13:32:05.501] Farm loop thread started OK
[13:32:06.034] CHECK #2: change=0.0% -> IDLE START (< 0.5%)
[13:32:06.555] CHECK #3: change=0.0% -> STILL IDLE (0.5s / 3.0s needed)
[13:32:08.111] CHECK #6: change=0.0% -> STILL IDLE (2.1s / 3.0s needed)
[13:32:09.146] ==================================================
[13:32:09.147] >>> TRIGGERED! Idle for 3.1s >= 3.0s
[13:32:09.151] >>> RUNNING MACRO (cycle #1) - 2 events
[13:32:09.154] ==================================================
[13:32:09.164] Focusing game window: 'Poke Nexus and 2 more pages - Personal - Microsoft​ Edge'
[13:32:09.964] <<< MACRO FINISHED (took 0.8s)
[13:32:09.967] Waiting 1s before watching again...
[13:32:10.971] Resumed watching for idle...
[13:32:11.999] CHECK #10: change=1.43% -> ACTIVE (>= 0.5%)
[13:32:13.548] CHECK #13: change=0.0% -> IDLE START (< 0.5%)
[13:32:14.070] CHECK #14: change=1.29% -> ACTIVE AGAIN (was idle for 0.5s, reset timer)
[13:32:14.590] CHECK #15: change=1.29% -> ACTIVE (>= 0.5%)
[13:32:15.111] CHECK #16: change=0.0% -> IDLE START (< 0.5%)
[13:32:15.624] CHECK #17: change=1.43% -> ACTIVE AGAIN (was idle for 0.5s, reset timer)
[13:32:17.165] CHECK #20: change=1.57% -> ACTIVE (>= 0.5%)
[13:32:19.742] CHECK #25: change=1.29% -> ACTIVE (>= 0.5%)
[13:32:20.770] CHECK #27: change=0.0% -> IDLE START (< 0.5%)
[13:32:20.771] CHECK #27: change=0.0% -> STILL IDLE (0.0s / 3.0s needed)
[13:32:21.290] CHECK #28: change=1.43% -> ACTIVE AGAIN (was idle for 0.5s, reset timer)
[13:32:22.318] CHECK #30: change=0.0% -> IDLE START (< 0.5%)
[13:32:22.320] CHECK #30: change=0.0% -> STILL IDLE (0.0s / 3.0s needed)
[13:32:22.840] CHECK #31: change=1.43% -> ACTIVE AGAIN (was idle for 0.5s, reset timer)
[13:32:24.902] CHECK #35: change=1.43% -> ACTIVE (>= 0.5%)
[13:32:27.480] CHECK #40: change=1.29% -> ACTIVE (>= 0.5%)
[13:32:27.999] CHECK #41: change=0.0% -> IDLE START (< 0.5%)
[13:32:28.520] CHECK #42: change=1.43% -> ACTIVE AGAIN (was idle for 0.5s, reset timer)
[13:32:29.555] CHECK #44: change=0.0% -> IDLE START (< 0.5%)
[13:32:30.076] CHECK #45: change=0.0% -> STILL IDLE (0.5s / 3.0s needed)
[13:32:31.625] CHECK #48: change=0.0% -> STILL IDLE (2.1s / 3.0s needed)
[13:32:32.659] ==================================================
[13:32:32.660] >>> TRIGGERED! Idle for 3.1s >= 3.0s
[13:32:32.665] >>> RUNNING MACRO (cycle #2) - 2 events
[13:32:32.667] ==================================================
[13:32:32.671] Focusing game window: 'Poke Nexus and 2 more pages - Personal - Microsoft​ Edge'
[13:32:33.474] <<< MACRO FINISHED (took 0.8s)
[13:32:33.477] Waiting 1s before watching again...
[13:32:34.480] Resumed watching for idle...
[13:32:35.505] CHECK #52: change=0.25% -> IDLE START (< 0.5%)
[13:32:36.542] CHECK #54: change=0.0% -> STILL IDLE (1.0s / 3.0s needed)
[13:32:38.091] CHECK #57: change=0.0% -> STILL IDLE (2.6s / 3.0s needed)
[13:32:38.612] ==================================================
[13:32:38.614] >>> TRIGGERED! Idle for 3.1s >= 3.0s
[13:32:38.615] >>> RUNNING MACRO (cycle #3) - 2 events
[13:32:38.617] ==================================================
[13:32:38.620] Focusing game window: 'Poke Nexus and 2 more pages - Personal - Microsoft​ Edge'
[13:32:39.422] <<< MACRO FINISHED (took 0.8s)
[13:32:39.424] Waiting 1s before watching again...
[13:32:40.428] Resumed watching for idle...
[13:32:41.458] CHECK #60: change=1.43% -> ACTIVE (>= 0.5%)
[13:32:43.000] CHECK #63: change=0.0% -> IDLE START (< 0.5%)
[13:32:43.002] CHECK #63: change=0.0% -> STILL IDLE (0.0s / 3.0s needed)
[13:32:43.519] CHECK #64: change=1.29% -> ACTIVE AGAIN (was idle for 0.5s, reset timer)
[13:32:44.040] CHECK #65: change=1.29% -> ACTIVE (>= 0.5%)
[13:32:44.554] CHECK #66: change=0.0% -> IDLE START (< 0.5%)
[13:32:44.554] CHECK #66: change=0.0% -> STILL IDLE (0.0s / 3.0s needed)
[13:32:45.068] CHECK #67: change=1.43% -> ACTIVE AGAIN (was idle for 0.5s, reset timer)
[13:32:46.609] CHECK #70: change=1.57% -> ACTIVE (>= 0.5%)
[13:32:49.177] CHECK #75: change=0.0% -> IDLE START (< 0.5%)
[13:32:49.177] CHECK #75: change=0.0% -> STILL IDLE (0.0s / 3.0s needed)
[13:32:50.725] CHECK #78: change=5.64% -> ACTIVE AGAIN (was idle for 1.5s, reset timer)
[13:32:51.242] CHECK #79: change=0.0% -> IDLE START (< 0.5%)
[13:32:51.764] CHECK #80: change=0.97% -> ACTIVE AGAIN (was idle for 0.5s, reset timer)
[13:32:51.764] CHECK #80: change=0.97% -> ACTIVE (>= 0.5%)
[13:32:52.799] CHECK #82: change=0.18% -> IDLE START (< 0.5%)
[13:32:53.829] CHECK #84: change=9.5% -> ACTIVE AGAIN (was idle for 1.0s, reset timer)
[13:32:54.353] CHECK #85: change=7.5% -> ACTIVE (>= 0.5%)
[13:32:54.867] CHECK #86: change=0.0% -> IDLE START (< 0.5%)
[13:32:55.386] CHECK #87: change=8.26% -> ACTIVE AGAIN (was idle for 0.5s, reset timer)
[13:32:56.411] CHECK #89: change=0.0% -> IDLE START (< 0.5%)
[13:32:56.932] CHECK #90: change=81.34% -> ACTIVE AGAIN (was idle for 0.5s, reset timer)
[13:32:56.933] CHECK #90: change=81.34% -> ACTIVE (>= 0.5%)
[13:32:57.450] CHECK #91: change=0.0% -> IDLE START (< 0.5%)
[13:32:58.477] CHECK #93: change=0.0% -> STILL IDLE (1.0s / 3.0s needed)
[13:33:00.023] CHECK #96: change=0.0% -> STILL IDLE (2.6s / 3.0s needed)
[13:33:00.571] CHECK #97: change=2.28% -> ACTIVE AGAIN (was idle for 3.1s, reset timer)
[13:33:01.602] CHECK #99: change=0.0% -> IDLE START (< 0.5%)
[13:33:01.602] CHECK #99: change=0.0% -> STILL IDLE (0.0s / 3.0s needed)
[13:33:03.158] CHECK #102: change=0.0% -> STILL IDLE (1.6s / 3.0s needed)
[13:33:04.709] CHECK #105: change=0.0% -> STILL IDLE (3.1s / 3.0s needed)
[13:33:04.713] ==================================================
[13:33:04.715] >>> TRIGGERED! Idle for 3.1s >= 3.0s
[13:33:04.720] >>> RUNNING MACRO (cycle #4) - 2 events
[13:33:04.721] ==================================================
[13:33:04.723] Focusing game window: 'Poke Nexus and 2 more pages - Personal - Microsoft​ Edge'
[13:33:05.525] <<< MACRO FINISHED (took 0.8s)
[13:33:05.525] Waiting 1s before watching again...
[13:33:06.531] Resumed watching for idle...
[13:33:07.561] CHECK #107: change=0.06% -> IDLE START (< 0.5%)
[13:33:08.082] CHECK #108: change=5.36% -> ACTIVE AGAIN (was idle for 0.5s, reset timer)
[13:33:08.602] CHECK #109: change=0.06% -> IDLE START (< 0.5%)
[13:33:09.631] CHECK #111: change=0.0% -> STILL IDLE (1.0s / 3.0s needed)
[13:33:11.180] CHECK #114: change=0.0% -> STILL IDLE (2.6s / 3.0s needed)
[13:33:11.702] ==================================================
[13:33:11.704] >>> TRIGGERED! Idle for 3.1s >= 3.0s
[13:33:11.707] >>> RUNNING MACRO (cycle #5) - 2 events
[13:33:11.709] ==================================================
[13:33:11.709] Focusing game window: 'Poke Nexus and 2 more pages - Personal - Microsoft​ Edge'
[13:33:12.510] <<< MACRO FINISHED (took 0.8s)
[13:33:12.512] Waiting 1s before watching again...
[13:33:13.514] Resumed watching for idle...
[13:33:14.547] CHECK #117: change=0.06% -> IDLE START (< 0.5%)
[13:33:14.548] CHECK #117: change=0.06% -> STILL IDLE (0.0s / 3.0s needed)
[13:33:16.114] CHECK #120: change=0.0% -> STILL IDLE (1.6s / 3.0s needed)
[13:33:17.665] CHECK #123: change=0.0% -> STILL IDLE (3.1s / 3.0s needed)
[13:33:17.670] ==================================================
[13:33:17.672] >>> TRIGGERED! Idle for 3.1s >= 3.0s
[13:33:17.675] >>> RUNNING MACRO (cycle #6) - 2 events
[13:33:17.677] ==================================================
[13:33:17.679] Focusing game window: 'Poke Nexus and 2 more pages - Personal - Microsoft​ Edge'
[13:33:18.482] <<< MACRO FINISHED (took 0.8s)
[13:33:18.483] Waiting 1s before watching again...
[13:33:19.488] Resumed watching for idle...
[13:33:20.520] CHECK #125: change=0.06% -> IDLE START (< 0.5%)
[13:33:21.026] AUTO-FARM STOPPED
[13:34:12.249] ==================================================
[13:34:12.251] AUTO-FARM STARTED
[13:34:12.252]   Idle threshold: < 0.5%
[13:34:12.253]   Idle time needed: 3.0s
[13:34:12.254]   Macro events: 2
[13:34:12.255]   Region: {'left': 750, 'top': 409, 'width': 364, 'height': 287}
[13:34:12.256] ==================================================
[13:34:12.256] Farm loop thread started OK
[13:34:13.337] CHECK #3: change=0.0% -> IDLE START (< 0.5%)
[13:34:13.341] CHECK #3: change=0.0% -> STILL IDLE (0.0s / 3.0s needed)
[13:34:14.895] CHECK #6: change=0.0% -> STILL IDLE (1.6s / 3.0s needed)
[13:34:15.423] CHECK #7: change=2.4% -> ACTIVE AGAIN (was idle for 2.1s, reset timer)
[13:34:16.457] CHECK #9: change=0.0% -> IDLE START (< 0.5%)
[13:34:16.457] CHECK #9: change=0.0% -> STILL IDLE (0.0s / 3.0s needed)
[13:34:18.022] CHECK #12: change=34.19% -> ACTIVE AGAIN (was idle for 1.6s, reset timer)
[13:34:18.541] CHECK #13: change=0.0% -> IDLE START (< 0.5%)
[13:34:19.569] CHECK #15: change=0.0% -> STILL IDLE (1.0s / 3.0s needed)
[13:34:20.604] CHECK #17: change=1.34% -> ACTIVE AGAIN (was idle for 2.1s, reset timer)
[13:34:21.645] CHECK #19: change=0.0% -> IDLE START (< 0.5%)
[13:34:22.675] CHECK #21: change=0.0% -> STILL IDLE (1.0s / 3.0s needed)
[13:34:23.715] CHECK #23: change=79.77% -> ACTIVE AGAIN (was idle for 2.1s, reset timer)
[13:34:24.752] CHECK #25: change=0.0% -> IDLE START (< 0.5%)
[13:34:25.266] CHECK #26: change=49.08% -> ACTIVE AGAIN (was idle for 0.5s, reset timer)
[13:34:26.307] CHECK #28: change=0.47% -> IDLE START (< 0.5%)
[13:34:26.817] CHECK #29: change=16.86% -> ACTIVE AGAIN (was idle for 0.5s, reset timer)
[13:34:27.344] CHECK #30: change=64.62% -> ACTIVE (>= 0.5%)
[13:34:27.867] CHECK #31: change=0.35% -> IDLE START (< 0.5%)
[13:34:28.382] CHECK #32: change=14.32% -> ACTIVE AGAIN (was idle for 0.5s, reset timer)
[13:34:29.415] CHECK #34: change=0.0% -> IDLE START (< 0.5%)
[13:34:30.443] CHECK #36: change=0.0% -> STILL IDLE (1.0s / 3.0s needed)
[13:34:31.985] CHECK #39: change=10.04% -> ACTIVE AGAIN (was idle for 2.6s, reset timer)
[13:34:32.507] CHECK #40: change=4.49% -> ACTIVE (>= 0.5%)
[13:34:33.029] CHECK #41: change=0.0% -> IDLE START (< 0.5%)
[13:34:33.537] CHECK #42: change=0.0% -> STILL IDLE (0.5s / 3.0s needed)
[13:34:35.088] CHECK #45: change=10.18% -> ACTIVE AGAIN (was idle for 2.1s, reset timer)
[13:34:35.089] CHECK #45: change=10.18% -> ACTIVE (>= 0.5%)
[13:34:35.607] CHECK #46: change=0.0% -> IDLE START (< 0.5%)
[13:34:36.644] CHECK #48: change=0.0% -> STILL IDLE (1.0s / 3.0s needed)
[13:34:37.164] CHECK #49: change=8.28% -> ACTIVE AGAIN (was idle for 1.6s, reset timer)
[13:34:37.677] CHECK #50: change=0.46% -> IDLE START (< 0.5%)
[13:34:38.201] CHECK #51: change=11.01% -> ACTIVE AGAIN (was idle for 0.5s, reset timer)
[13:34:39.231] CHECK #53: change=0.0% -> IDLE START (< 0.5%)
[13:34:39.748] CHECK #54: change=0.0% -> STILL IDLE (0.5s / 3.0s needed)
[13:34:41.295] CHECK #57: change=0.0% -> STILL IDLE (2.1s / 3.0s needed)
[13:34:41.808] CHECK #58: change=6.51% -> ACTIVE AGAIN (was idle for 2.6s, reset timer)
[13:34:42.842] CHECK #60: change=1.87% -> ACTIVE (>= 0.5%)
[13:34:44.385] CHECK #63: change=0.0% -> IDLE START (< 0.5%)
[13:34:44.387] CHECK #63: change=0.0% -> STILL IDLE (0.0s / 3.0s needed)
[13:34:45.425] CHECK #65: change=1.52% -> ACTIVE AGAIN (was idle for 1.0s, reset timer)
[13:34:45.427] CHECK #65: change=1.52% -> ACTIVE (>= 0.5%)
[13:34:45.950] CHECK #66: change=0.0% -> IDLE START (< 0.5%)
[13:34:45.956] CHECK #66: change=0.0% -> STILL IDLE (0.0s / 3.0s needed)
[13:34:46.482] CHECK #67: change=4.23% -> ACTIVE AGAIN (was idle for 0.5s, reset timer)
[13:34:47.511] CHECK #69: change=0.0% -> IDLE START (< 0.5%)
[13:34:47.512] CHECK #69: change=0.0% -> STILL IDLE (0.0s / 3.0s needed)
[13:34:48.547] CHECK #71: change=4.0% -> ACTIVE AGAIN (was idle for 1.0s, reset timer)
[13:34:49.069] CHECK #72: change=0.0% -> IDLE START (< 0.5%)
[13:34:49.071] CHECK #72: change=0.0% -> STILL IDLE (0.0s / 3.0s needed)
[13:34:50.634] CHECK #75: change=0.23% -> STILL IDLE (1.6s / 3.0s needed)
[13:34:52.181] CHECK #78: change=0.0% -> STILL IDLE (3.1s / 3.0s needed)
[13:34:52.181] ==================================================
[13:34:52.187] >>> TRIGGERED! Idle for 3.1s >= 3.0s
[13:34:52.187] >>> RUNNING MACRO (cycle #1) - 2 events
[13:34:52.187] ==================================================
[13:34:52.187] Focusing game window: 'Poke Nexus and 2 more pages - Personal - Microsoft​ Edge'
[13:34:52.989] <<< MACRO FINISHED (took 0.8s)
[13:34:52.989] Waiting 1s before watching again...
[13:34:53.991] Resumed watching for idle...
[13:34:54.350] AUTO-FARM STOPPED
